<?xml version="1.0" encoding="UTF-8"?>
<!-- Generated by org.testng.reporters.JUnitReportReporter -->
<testsuite hostname="Yogi" failures="0" tests="1" name="assessment_gorest.GETListOfUsers" time="2.140" errors="0" timestamp="2022-11-21T11:38:41 IST" skipped="0">
  <testcase classname="assessment_gorest.GETListOfUsers" name="getResourceList" time="2.140"/>
  <system-out/>
</testsuite> <!-- assessment_gorest.GETListOfUsers -->
