<?xml version="1.0" encoding="UTF-8"?>
<!-- Generated by org.testng.reporters.JUnitReportReporter -->
<testsuite hostname="Yogi" failures="0" tests="1" name="assessment_gorest.ADDUser" time="2.797" errors="0" timestamp="2022-11-21T11:38:29 IST" skipped="0">
  <testcase classname="assessment_gorest.ADDUser" name="createResource" time="2.797"/>
  <system-out/>
</testsuite> <!-- assessment_gorest.ADDUser -->
